<?xml version="1.0" encoding="UTF-8"?>
<!-- Generated by org.testng.reporters.JUnitXMLReporter -->
<testsuite ignored="0" hostname="asus" failures="0" tests="3" name="Test" time="46.102" errors="0" timestamp="2025-09-15T22:10:52 IST">
  <testcase classname="com.mockmart.tests.UBNS_TC2026_Mockmart_LoginTest" name="tC0002_validateLoginWithValidCreds" time="4.903"/>
  <testcase classname="com.mockmart.tests.UBNS_TC2026_Mockmart_LoginTest" name="tC0001_E2E" time="2.971"/>
  <testcase classname="com.mockmart.tests.UBNS_TC2026_Mockmart_LoginTest" name="tC0003_validateLoginWithInValidCreds" time="5.638"/>
</testsuite> <!-- Test -->
