<?xml version="1.0" encoding="UTF-8"?>
<!-- Generated by org.testng.reporters.JUnitXMLReporter -->
<testsuite ignored="0" hostname="asus" failures="0" tests="3" name="Test" time="20.605" errors="0" timestamp="2025-09-14T07:48:15 IST">
  <testcase classname="com.mockmart.tests.UBNS_TC2026_Mockmart_LoginTest" name="tC0002_validateLoginWithValidCreds" time="1.409"/>
  <testcase classname="com.mockmart.tests.UBNS_TC2026_Mockmart_LoginTest" name="tC0001_E2E" time="4.03"/>
  <testcase classname="com.mockmart.tests.UBNS_TC2026_Mockmart_LoginTest" name="tC0003_validateLoginWithInValidCreds" time="2.379"/>
</testsuite> <!-- Test -->
