<?xml version="1.0" encoding="UTF-8"?>
<testng-results ignored="0" total="3" passed="3" failed="0" skipped="0">
  <reporter-output>
  </reporter-output>
  <suite started-at="2025-09-15T22:10:04 IST" name="MockMart Automation Suite" finished-at="2025-09-15T22:10:50 IST" duration-ms="46102">
    <groups>
    </groups>
    <test started-at="2025-09-15T22:10:04 IST" name="Test" finished-at="2025-09-15T22:10:50 IST" duration-ms="46102">
      <class name="com.mockmart.tests.UBNS_TC2026_Mockmart_LoginTest">
        <test-method is-config="true" signature="launchApplication()[pri:0, instance:com.mockmart.tests.UBNS_TC2026_Mockmart_LoginTest@6f1de4c7]" started-at="2025-09-15T22:10:05 IST" name="launchApplication" finished-at="2025-09-15T22:10:16 IST" duration-ms="11578" status="PASS">
          <reporter-output>
          </reporter-output>
        </test-method> <!-- launchApplication -->
        <test-method signature="tC0002_validateLoginWithValidCreds()[pri:1, instance:com.mockmart.tests.UBNS_TC2026_Mockmart_LoginTest@6f1de4c7]" started-at="2025-09-15T22:10:16 IST" name="tC0002_validateLoginWithValidCreds" finished-at="2025-09-15T22:10:21 IST" duration-ms="4903" status="PASS">
          <reporter-output>
          </reporter-output>
        </test-method> <!-- tC0002_validateLoginWithValidCreds -->
        <test-method is-config="true" signature="tearDown()[pri:0, instance:com.mockmart.tests.UBNS_TC2026_Mockmart_LoginTest@6f1de4c7]" started-at="2025-09-15T22:10:21 IST" name="tearDown" finished-at="2025-09-15T22:10:22 IST" duration-ms="1034" status="PASS">
          <reporter-output>
          </reporter-output>
        </test-method> <!-- tearDown -->
        <test-method is-config="true" signature="launchApplication()[pri:0, instance:com.mockmart.tests.UBNS_TC2026_Mockmart_LoginTest@6f1de4c7]" started-at="2025-09-15T22:10:22 IST" name="launchApplication" finished-at="2025-09-15T22:10:31 IST" duration-ms="9032" status="PASS">
          <reporter-output>
          </reporter-output>
        </test-method> <!-- launchApplication -->
        <test-method signature="tC0001_E2E()[pri:2, instance:com.mockmart.tests.UBNS_TC2026_Mockmart_LoginTest@6f1de4c7]" started-at="2025-09-15T22:10:31 IST" name="tC0001_E2E" finished-at="2025-09-15T22:10:34 IST" duration-ms="2971" status="PASS">
          <reporter-output>
          </reporter-output>
        </test-method> <!-- tC0001_E2E -->
        <test-method is-config="true" signature="tearDown()[pri:0, instance:com.mockmart.tests.UBNS_TC2026_Mockmart_LoginTest@6f1de4c7]" started-at="2025-09-15T22:10:34 IST" name="tearDown" finished-at="2025-09-15T22:10:35 IST" duration-ms="1244" status="PASS">
          <reporter-output>
          </reporter-output>
        </test-method> <!-- tearDown -->
        <test-method is-config="true" signature="launchApplication()[pri:0, instance:com.mockmart.tests.UBNS_TC2026_Mockmart_LoginTest@6f1de4c7]" started-at="2025-09-15T22:10:35 IST" name="launchApplication" finished-at="2025-09-15T22:10:44 IST" duration-ms="8354" status="PASS">
          <reporter-output>
          </reporter-output>
        </test-method> <!-- launchApplication -->
        <test-method signature="tC0003_validateLoginWithInValidCreds()[pri:3, instance:com.mockmart.tests.UBNS_TC2026_Mockmart_LoginTest@6f1de4c7]" started-at="2025-09-15T22:10:44 IST" name="tC0003_validateLoginWithInValidCreds" finished-at="2025-09-15T22:10:49 IST" duration-ms="5638" status="PASS">
          <reporter-output>
          </reporter-output>
        </test-method> <!-- tC0003_validateLoginWithInValidCreds -->
        <test-method is-config="true" signature="tearDown()[pri:0, instance:com.mockmart.tests.UBNS_TC2026_Mockmart_LoginTest@6f1de4c7]" started-at="2025-09-15T22:10:49 IST" name="tearDown" finished-at="2025-09-15T22:10:50 IST" duration-ms="1089" status="PASS">
          <reporter-output>
          </reporter-output>
        </test-method> <!-- tearDown -->
      </class> <!-- com.mockmart.tests.UBNS_TC2026_Mockmart_LoginTest -->
    </test> <!-- Test -->
  </suite> <!-- MockMart Automation Suite -->
</testng-results>
