<?xml version="1.0" encoding="UTF-8"?>
<testng-results ignored="0" total="3" passed="3" failed="0" skipped="0">
  <reporter-output>
  </reporter-output>
  <suite started-at="2025-09-14T07:02:41 IST" name="MockMart Automation Suite" finished-at="2025-09-14T07:03:11 IST" duration-ms="29403">
    <groups>
    </groups>
    <test started-at="2025-09-14T07:02:41 IST" name="Test" finished-at="2025-09-14T07:03:11 IST" duration-ms="29403">
      <class name="com.mockmart.tests.UBNS_TC2026_Mockmart_LoginTest">
        <test-method is-config="true" signature="launchApplication()[pri:0, instance:com.mockmart.tests.UBNS_TC2026_Mockmart_LoginTest@4d5d943d]" started-at="2025-09-14T07:02:42 IST" name="launchApplication" finished-at="2025-09-14T07:02:49 IST" duration-ms="7720" status="PASS">
          <reporter-output>
          </reporter-output>
        </test-method> <!-- launchApplication -->
        <test-method signature="tC0002_validateLoginWithValidCreds()[pri:1, instance:com.mockmart.tests.UBNS_TC2026_Mockmart_LoginTest@4d5d943d]" started-at="2025-09-14T07:02:49 IST" name="tC0002_validateLoginWithValidCreds" finished-at="2025-09-14T07:02:52 IST" duration-ms="3049" status="PASS">
          <reporter-output>
          </reporter-output>
        </test-method> <!-- tC0002_validateLoginWithValidCreds -->
        <test-method is-config="true" signature="tearDown()[pri:0, instance:com.mockmart.tests.UBNS_TC2026_Mockmart_LoginTest@4d5d943d]" started-at="2025-09-14T07:02:52 IST" name="tearDown" finished-at="2025-09-14T07:02:53 IST" duration-ms="479" status="PASS">
          <reporter-output>
          </reporter-output>
        </test-method> <!-- tearDown -->
        <test-method is-config="true" signature="launchApplication()[pri:0, instance:com.mockmart.tests.UBNS_TC2026_Mockmart_LoginTest@4d5d943d]" started-at="2025-09-14T07:02:53 IST" name="launchApplication" finished-at="2025-09-14T07:02:59 IST" duration-ms="6330" status="PASS">
          <reporter-output>
          </reporter-output>
        </test-method> <!-- launchApplication -->
        <test-method signature="tC0001_E2E()[pri:2, instance:com.mockmart.tests.UBNS_TC2026_Mockmart_LoginTest@4d5d943d]" started-at="2025-09-14T07:02:59 IST" name="tC0001_E2E" finished-at="2025-09-14T07:03:03 IST" duration-ms="3547" status="PASS">
          <reporter-output>
          </reporter-output>
        </test-method> <!-- tC0001_E2E -->
        <test-method is-config="true" signature="tearDown()[pri:0, instance:com.mockmart.tests.UBNS_TC2026_Mockmart_LoginTest@4d5d943d]" started-at="2025-09-14T07:03:03 IST" name="tearDown" finished-at="2025-09-14T07:03:03 IST" duration-ms="311" status="PASS">
          <reporter-output>
          </reporter-output>
        </test-method> <!-- tearDown -->
        <test-method is-config="true" signature="launchApplication()[pri:0, instance:com.mockmart.tests.UBNS_TC2026_Mockmart_LoginTest@4d5d943d]" started-at="2025-09-14T07:03:03 IST" name="launchApplication" finished-at="2025-09-14T07:03:09 IST" duration-ms="5665" status="PASS">
          <reporter-output>
          </reporter-output>
        </test-method> <!-- launchApplication -->
        <test-method signature="tC0003_validateLoginWithInValidCreds()[pri:3, instance:com.mockmart.tests.UBNS_TC2026_Mockmart_LoginTest@4d5d943d]" started-at="2025-09-14T07:03:09 IST" name="tC0003_validateLoginWithInValidCreds" finished-at="2025-09-14T07:03:10 IST" duration-ms="1743" status="PASS">
          <reporter-output>
          </reporter-output>
        </test-method> <!-- tC0003_validateLoginWithInValidCreds -->
        <test-method is-config="true" signature="tearDown()[pri:0, instance:com.mockmart.tests.UBNS_TC2026_Mockmart_LoginTest@4d5d943d]" started-at="2025-09-14T07:03:10 IST" name="tearDown" finished-at="2025-09-14T07:03:11 IST" duration-ms="236" status="PASS">
          <reporter-output>
          </reporter-output>
        </test-method> <!-- tearDown -->
      </class> <!-- com.mockmart.tests.UBNS_TC2026_Mockmart_LoginTest -->
    </test> <!-- Test -->
  </suite> <!-- MockMart Automation Suite -->
</testng-results>
